build/app/intermediates/manifest_merge_blame_file/debug/processDebugMainManifest/manifest-merger-blame-debug-report.txt
1<?xml version="1.0" encoding="utf-8"?>
2<manifest xmlns:android="http://schemas.android.com/apk/res/android"
3    package="com.example.unmute_v1"
4    android:versionCode="1"
5    android:versionName="1.0.0" >
6
7    <uses-sdk
8        android:minSdkVersion="23"
9        android:targetSdkVersion="35" />
10    <!--
11         The INTERNET permission is required for development. Specifically,
12         the Flutter tool needs it to communicate with the running application
13         to allow setting breakpoints, to provide hot reload, etc.
14    -->
15    <uses-permission android:name="android.permission.INTERNET" />
15-->src/main/AndroidManifest.xml:2:5-66
15-->src/main/AndroidManifest.xml:2:22-64
16    <!--
17     Required to query activities that can process text, see:
18         https://developer.android.com/training/package-visibility and
19         https://developer.android.com/reference/android/content/Intent#ACTION_PROCESS_TEXT.
20
21         In particular, this is used by the Flutter engine in io.flutter.plugin.text.ProcessTextPlugin.
22    -->
23    <queries>
23-->src/main/AndroidManifest.xml:57:5-62:15
24        <intent>
24-->src/main/AndroidManifest.xml:58:9-61:18
25            <action android:name="android.intent.action.PROCESS_TEXT" />
25-->src/main/AndroidManifest.xml:59:13-72
25-->src/main/AndroidManifest.xml:59:21-70
26
27            <data android:mimeType="text/plain" />
27-->src/main/AndroidManifest.xml:60:13-50
27-->src/main/AndroidManifest.xml:60:19-48
28        </intent>
29
30        <package android:name="com.facebook.katana" />
30-->[com.facebook.android:facebook-common:18.0.2] AndroidManifest.xml:16:9-55
30-->[com.facebook.android:facebook-common:18.0.2] AndroidManifest.xml:16:18-52
31    </queries>
32
33    <uses-permission android:name="android.permission.ACCESS_NETWORK_STATE" />
33-->[:firebase_analytics] AndroidManifest.xml:7:5-79
33-->[:firebase_analytics] AndroidManifest.xml:7:22-76
34    <uses-permission android:name="android.permission.WAKE_LOCK" />
34-->[:firebase_analytics] AndroidManifest.xml:9:5-68
34-->[:firebase_analytics] AndroidManifest.xml:9:22-65
35    <uses-permission android:name="android.permission.ACCESS_ADSERVICES_ATTRIBUTION" />
35-->[com.google.android.gms:play-services-measurement-api:22.2.0] AndroidManifest.xml:26:5-88
35-->[com.google.android.gms:play-services-measurement-api:22.2.0] AndroidManifest.xml:26:22-85
36    <uses-permission android:name="android.permission.ACCESS_ADSERVICES_AD_ID" />
36-->[com.google.android.gms:play-services-measurement-api:22.2.0] AndroidManifest.xml:27:5-82
36-->[com.google.android.gms:play-services-measurement-api:22.2.0] AndroidManifest.xml:27:22-79
37    <uses-permission android:name="android.permission.ACCESS_ADSERVICES_CUSTOM_AUDIENCE" />
37-->[com.facebook.android:facebook-core:18.0.2] AndroidManifest.xml:18:5-92
37-->[com.facebook.android:facebook-core:18.0.2] AndroidManifest.xml:18:22-89
38    <uses-permission android:name="com.google.android.finsky.permission.BIND_GET_INSTALL_REFERRER_SERVICE" />
38-->[com.google.android.gms:play-services-measurement:22.2.0] AndroidManifest.xml:26:5-110
38-->[com.google.android.gms:play-services-measurement:22.2.0] AndroidManifest.xml:26:22-107
39    <uses-permission android:name="com.google.android.providers.gsf.permission.READ_GSERVICES" />
39-->[com.google.android.recaptcha:recaptcha:18.6.1] AndroidManifest.xml:9:5-98
39-->[com.google.android.recaptcha:recaptcha:18.6.1] AndroidManifest.xml:9:22-95
40
41    <permission
41-->[androidx.core:core:1.13.1] AndroidManifest.xml:22:5-24:47
42        android:name="com.example.unmute_v1.DYNAMIC_RECEIVER_NOT_EXPORTED_PERMISSION"
42-->[androidx.core:core:1.13.1] AndroidManifest.xml:23:9-81
43        android:protectionLevel="signature" />
43-->[androidx.core:core:1.13.1] AndroidManifest.xml:24:9-44
44
45    <uses-permission android:name="com.example.unmute_v1.DYNAMIC_RECEIVER_NOT_EXPORTED_PERMISSION" />
45-->[androidx.core:core:1.13.1] AndroidManifest.xml:26:5-97
45-->[androidx.core:core:1.13.1] AndroidManifest.xml:26:22-94
46
47    <application
48        android:name="android.app.Application"
49        android:appComponentFactory="androidx.core.app.CoreComponentFactory"
49-->[androidx.core:core:1.13.1] AndroidManifest.xml:28:18-86
50        android:debuggable="true"
51        android:extractNativeLibs="false"
52        android:icon="@mipmap/unmute"
53        android:label="signova"
54        android:supportsRtl="true" >
54-->[com.facebook.android:facebook-login:18.0.2] AndroidManifest.xml:14:18-44
55        <meta-data
56            android:name="com.facebook.sdk.ApplicationId"
57            android:value="@string/facebook_app_id" />
58        <meta-data
59            android:name="com.facebook.sdk.ClientToken"
60            android:value="@string/facebook_client_token" />
61
62        <activity
63            android:name="com.example.unmute_v1.MainActivity"
64            android:configChanges="orientation|keyboardHidden|keyboard|screenSize|smallestScreenSize|locale|layoutDirection|fontScale|screenLayout|density|uiMode"
65            android:exported="true"
66            android:hardwareAccelerated="true"
67            android:launchMode="singleTop"
68            android:taskAffinity=""
69            android:theme="@style/LaunchTheme"
70            android:windowSoftInputMode="adjustResize" >
71
72            <!--
73                 Specifies an Android theme to apply to this Activity as soon as
74                 the Android process has started. This theme is visible to the user
75                 while the Flutter UI initializes. After that, this theme continues
76                 to determine the Window background behind the Flutter UI.
77            -->
78            <meta-data
79                android:name="io.flutter.embedding.android.NormalTheme"
80                android:resource="@style/NormalTheme" />
81
82            <!--
83         <activity
84        android:name="com.facebook.CustomTabActivity"
85        android:exported="true">
86            -->
87            <intent-filter>
88                <action android:name="android.intent.action.VIEW" />
88-->[com.google.firebase:firebase-auth:23.2.0] AndroidManifest.xml:36:17-69
88-->[com.google.firebase:firebase-auth:23.2.0] AndroidManifest.xml:36:25-66
89
90                <category android:name="android.intent.category.DEFAULT" />
90-->[com.google.firebase:firebase-auth:23.2.0] AndroidManifest.xml:38:17-76
90-->[com.google.firebase:firebase-auth:23.2.0] AndroidManifest.xml:38:27-73
91                <category android:name="android.intent.category.BROWSABLE" />
91-->[com.google.firebase:firebase-auth:23.2.0] AndroidManifest.xml:39:17-78
91-->[com.google.firebase:firebase-auth:23.2.0] AndroidManifest.xml:39:27-75
92
93                <data android:scheme="@string/fb_login_protocol_scheme" />
93-->src/main/AndroidManifest.xml:60:13-50
94            </intent-filter>
95            <!-- </activity> -->
96
97            <intent-filter>
98                <action android:name="android.intent.action.MAIN" />
99
100                <category android:name="android.intent.category.LAUNCHER" />
101            </intent-filter>
102        </activity>
103        <!--
104             Don't delete the meta-data below.
105             This is used by the Flutter tool to generate GeneratedPluginRegistrant.java
106        -->
107        <meta-data
108            android:name="flutterEmbedding"
109            android:value="2" />
110
111        <service
111-->[:firebase_auth] AndroidManifest.xml:8:9-12:19
112            android:name="com.google.firebase.components.ComponentDiscoveryService"
112-->[:firebase_auth] AndroidManifest.xml:8:18-89
113            android:directBootAware="true"
113-->[com.google.firebase:firebase-common:21.0.0] AndroidManifest.xml:32:13-43
114            android:exported="false" >
114-->[com.google.firebase:firebase-auth:23.2.0] AndroidManifest.xml:68:13-37
115            <meta-data
115-->[:firebase_auth] AndroidManifest.xml:9:13-11:85
116                android:name="com.google.firebase.components:io.flutter.plugins.firebase.auth.FlutterFirebaseAuthRegistrar"
116-->[:firebase_auth] AndroidManifest.xml:10:17-124
117                android:value="com.google.firebase.components.ComponentRegistrar" />
117-->[:firebase_auth] AndroidManifest.xml:11:17-82
118            <meta-data
118-->[:cloud_firestore] AndroidManifest.xml:9:13-11:85
119                android:name="com.google.firebase.components:io.flutter.plugins.firebase.firestore.FlutterFirebaseFirestoreRegistrar"
119-->[:cloud_firestore] AndroidManifest.xml:10:17-134
120                android:value="com.google.firebase.components.ComponentRegistrar" />
120-->[:cloud_firestore] AndroidManifest.xml:11:17-82
121            <meta-data
121-->[:firebase_analytics] AndroidManifest.xml:13:13-15:85
122                android:name="com.google.firebase.components:io.flutter.plugins.firebase.analytics.FlutterFirebaseAppRegistrar"
122-->[:firebase_analytics] AndroidManifest.xml:14:17-128
123                android:value="com.google.firebase.components.ComponentRegistrar" />
123-->[:firebase_analytics] AndroidManifest.xml:15:17-82
124            <meta-data
124-->[:firebase_core] AndroidManifest.xml:9:13-11:85
125                android:name="com.google.firebase.components:io.flutter.plugins.firebase.core.FlutterFirebaseCoreRegistrar"
125-->[:firebase_core] AndroidManifest.xml:10:17-124
126                android:value="com.google.firebase.components.ComponentRegistrar" />
126-->[:firebase_core] AndroidManifest.xml:11:17-82
127            <meta-data
127-->[com.google.firebase:firebase-auth:23.2.0] AndroidManifest.xml:69:13-71:85
128                android:name="com.google.firebase.components:com.google.firebase.auth.FirebaseAuthRegistrar"
128-->[com.google.firebase:firebase-auth:23.2.0] AndroidManifest.xml:70:17-109
129                android:value="com.google.firebase.components.ComponentRegistrar" />
129-->[com.google.firebase:firebase-auth:23.2.0] AndroidManifest.xml:71:17-82
130            <meta-data
130-->[com.google.firebase:firebase-firestore:25.1.2] AndroidManifest.xml:17:13-19:85
131                android:name="com.google.firebase.components:com.google.firebase.firestore.FirebaseFirestoreKtxRegistrar"
131-->[com.google.firebase:firebase-firestore:25.1.2] AndroidManifest.xml:18:17-122
132                android:value="com.google.firebase.components.ComponentRegistrar" />
132-->[com.google.firebase:firebase-firestore:25.1.2] AndroidManifest.xml:19:17-82
133            <meta-data
133-->[com.google.firebase:firebase-firestore:25.1.2] AndroidManifest.xml:20:13-22:85
134                android:name="com.google.firebase.components:com.google.firebase.firestore.FirestoreRegistrar"
134-->[com.google.firebase:firebase-firestore:25.1.2] AndroidManifest.xml:21:17-111
135                android:value="com.google.firebase.components.ComponentRegistrar" />
135-->[com.google.firebase:firebase-firestore:25.1.2] AndroidManifest.xml:22:17-82
136            <meta-data
136-->[com.google.android.gms:play-services-measurement-api:22.2.0] AndroidManifest.xml:33:13-35:85
137                android:name="com.google.firebase.components:com.google.firebase.analytics.connector.internal.AnalyticsConnectorRegistrar"
137-->[com.google.android.gms:play-services-measurement-api:22.2.0] AndroidManifest.xml:34:17-139
138                android:value="com.google.firebase.components.ComponentRegistrar" />
138-->[com.google.android.gms:play-services-measurement-api:22.2.0] AndroidManifest.xml:35:17-82
139            <meta-data
139-->[com.google.firebase:firebase-installations:18.0.0] AndroidManifest.xml:15:13-17:85
140                android:name="com.google.firebase.components:com.google.firebase.installations.FirebaseInstallationsKtxRegistrar"
140-->[com.google.firebase:firebase-installations:18.0.0] AndroidManifest.xml:16:17-130
141                android:value="com.google.firebase.components.ComponentRegistrar" />
141-->[com.google.firebase:firebase-installations:18.0.0] AndroidManifest.xml:17:17-82
142            <meta-data
142-->[com.google.firebase:firebase-installations:18.0.0] AndroidManifest.xml:18:13-20:85
143                android:name="com.google.firebase.components:com.google.firebase.installations.FirebaseInstallationsRegistrar"
143-->[com.google.firebase:firebase-installations:18.0.0] AndroidManifest.xml:19:17-127
144                android:value="com.google.firebase.components.ComponentRegistrar" />
144-->[com.google.firebase:firebase-installations:18.0.0] AndroidManifest.xml:20:17-82
145            <meta-data
145-->[com.google.firebase:firebase-common-ktx:21.0.0] AndroidManifest.xml:12:13-14:85
146                android:name="com.google.firebase.components:com.google.firebase.ktx.FirebaseCommonLegacyRegistrar"
146-->[com.google.firebase:firebase-common-ktx:21.0.0] AndroidManifest.xml:13:17-116
147                android:value="com.google.firebase.components.ComponentRegistrar" />
147-->[com.google.firebase:firebase-common-ktx:21.0.0] AndroidManifest.xml:14:17-82
148            <meta-data
148-->[com.google.firebase:firebase-common:21.0.0] AndroidManifest.xml:35:13-37:85
149                android:name="com.google.firebase.components:com.google.firebase.FirebaseCommonKtxRegistrar"
149-->[com.google.firebase:firebase-common:21.0.0] AndroidManifest.xml:36:17-109
150                android:value="com.google.firebase.components.ComponentRegistrar" />
150-->[com.google.firebase:firebase-common:21.0.0] AndroidManifest.xml:37:17-82
151        </service>
152
153        <activity
153-->[com.google.firebase:firebase-auth:23.2.0] AndroidManifest.xml:29:9-46:20
154            android:name="com.google.firebase.auth.internal.GenericIdpActivity"
154-->[com.google.firebase:firebase-auth:23.2.0] AndroidManifest.xml:30:13-80
155            android:excludeFromRecents="true"
155-->[com.google.firebase:firebase-auth:23.2.0] AndroidManifest.xml:31:13-46
156            android:exported="true"
156-->[com.google.firebase:firebase-auth:23.2.0] AndroidManifest.xml:32:13-36
157            android:launchMode="singleTask"
157-->[com.google.firebase:firebase-auth:23.2.0] AndroidManifest.xml:33:13-44
158            android:theme="@android:style/Theme.Translucent.NoTitleBar" >
158-->[com.google.firebase:firebase-auth:23.2.0] AndroidManifest.xml:34:13-72
159            <intent-filter>
159-->[com.google.firebase:firebase-auth:23.2.0] AndroidManifest.xml:35:13-45:29
160                <action android:name="android.intent.action.VIEW" />
160-->[com.google.firebase:firebase-auth:23.2.0] AndroidManifest.xml:36:17-69
160-->[com.google.firebase:firebase-auth:23.2.0] AndroidManifest.xml:36:25-66
161
162                <category android:name="android.intent.category.DEFAULT" />
162-->[com.google.firebase:firebase-auth:23.2.0] AndroidManifest.xml:38:17-76
162-->[com.google.firebase:firebase-auth:23.2.0] AndroidManifest.xml:38:27-73
163                <category android:name="android.intent.category.BROWSABLE" />
163-->[com.google.firebase:firebase-auth:23.2.0] AndroidManifest.xml:39:17-78
163-->[com.google.firebase:firebase-auth:23.2.0] AndroidManifest.xml:39:27-75
164
165                <data
165-->src/main/AndroidManifest.xml:60:13-50
166                    android:host="firebase.auth"
167                    android:path="/"
168                    android:scheme="genericidp" />
169            </intent-filter>
170        </activity>
171        <activity
171-->[com.google.firebase:firebase-auth:23.2.0] AndroidManifest.xml:47:9-64:20
172            android:name="com.google.firebase.auth.internal.RecaptchaActivity"
172-->[com.google.firebase:firebase-auth:23.2.0] AndroidManifest.xml:48:13-79
173            android:excludeFromRecents="true"
173-->[com.google.firebase:firebase-auth:23.2.0] AndroidManifest.xml:49:13-46
174            android:exported="true"
174-->[com.google.firebase:firebase-auth:23.2.0] AndroidManifest.xml:50:13-36
175            android:launchMode="singleTask"
175-->[com.google.firebase:firebase-auth:23.2.0] AndroidManifest.xml:51:13-44
176            android:theme="@android:style/Theme.Translucent.NoTitleBar" >
176-->[com.google.firebase:firebase-auth:23.2.0] AndroidManifest.xml:52:13-72
177            <intent-filter>
177-->[com.google.firebase:firebase-auth:23.2.0] AndroidManifest.xml:53:13-63:29
178                <action android:name="android.intent.action.VIEW" />
178-->[com.google.firebase:firebase-auth:23.2.0] AndroidManifest.xml:36:17-69
178-->[com.google.firebase:firebase-auth:23.2.0] AndroidManifest.xml:36:25-66
179
180                <category android:name="android.intent.category.DEFAULT" />
180-->[com.google.firebase:firebase-auth:23.2.0] AndroidManifest.xml:38:17-76
180-->[com.google.firebase:firebase-auth:23.2.0] AndroidManifest.xml:38:27-73
181                <category android:name="android.intent.category.BROWSABLE" />
181-->[com.google.firebase:firebase-auth:23.2.0] AndroidManifest.xml:39:17-78
181-->[com.google.firebase:firebase-auth:23.2.0] AndroidManifest.xml:39:27-75
182
183                <data
183-->src/main/AndroidManifest.xml:60:13-50
184                    android:host="firebase.auth"
185                    android:path="/"
186                    android:scheme="recaptcha" />
187            </intent-filter>
188        </activity>
189        <activity
189-->[com.facebook.android:facebook-common:18.0.2] AndroidManifest.xml:20:9-23:66
190            android:name="com.facebook.FacebookActivity"
190-->[com.facebook.android:facebook-common:18.0.2] AndroidManifest.xml:21:13-57
191            android:configChanges="keyboard|keyboardHidden|screenLayout|screenSize|orientation"
191-->[com.facebook.android:facebook-common:18.0.2] AndroidManifest.xml:22:13-96
192            android:theme="@style/com_facebook_activity_theme" />
192-->[com.facebook.android:facebook-common:18.0.2] AndroidManifest.xml:23:13-63
193        <activity android:name="com.facebook.CustomTabMainActivity" />
193-->[com.facebook.android:facebook-common:18.0.2] AndroidManifest.xml:24:9-71
193-->[com.facebook.android:facebook-common:18.0.2] AndroidManifest.xml:24:19-68
194        <activity
194-->[com.facebook.android:facebook-common:18.0.2] AndroidManifest.xml:25:9-39:20
195            android:name="com.facebook.CustomTabActivity"
195-->[com.facebook.android:facebook-common:18.0.2] AndroidManifest.xml:26:13-58
196            android:exported="true" >
196-->[com.facebook.android:facebook-common:18.0.2] AndroidManifest.xml:27:13-36
197            <intent-filter>
197-->[com.facebook.android:facebook-common:18.0.2] AndroidManifest.xml:29:13-38:29
198                <action android:name="android.intent.action.VIEW" />
198-->[com.google.firebase:firebase-auth:23.2.0] AndroidManifest.xml:36:17-69
198-->[com.google.firebase:firebase-auth:23.2.0] AndroidManifest.xml:36:25-66
199
200                <category android:name="android.intent.category.DEFAULT" />
200-->[com.google.firebase:firebase-auth:23.2.0] AndroidManifest.xml:38:17-76
200-->[com.google.firebase:firebase-auth:23.2.0] AndroidManifest.xml:38:27-73
201                <category android:name="android.intent.category.BROWSABLE" />
201-->[com.google.firebase:firebase-auth:23.2.0] AndroidManifest.xml:39:17-78
201-->[com.google.firebase:firebase-auth:23.2.0] AndroidManifest.xml:39:27-75
202
203                <data
203-->src/main/AndroidManifest.xml:60:13-50
204                    android:host="cct.com.example.unmute_v1"
205                    android:scheme="fbconnect" />
206            </intent-filter>
207        </activity>
208        <!--
209         The initialization ContentProvider will call FacebookSdk.sdkInitialize automatically
210         with the application context. This config is merged in with the host app's manifest,
211         but there can only be one provider with the same authority activated at any given
212         point; so if the end user has two or more different apps that use Facebook SDK, only the
213         first one will be able to use the provider. To work around this problem, we use the
214         following placeholder in the authority to identify each host application as if it was
215         a completely different provider.
216        -->
217        <provider
217-->[com.facebook.android:facebook-core:18.0.2] AndroidManifest.xml:31:9-34:40
218            android:name="com.facebook.internal.FacebookInitProvider"
218-->[com.facebook.android:facebook-core:18.0.2] AndroidManifest.xml:32:13-70
219            android:authorities="com.example.unmute_v1.FacebookInitProvider"
219-->[com.facebook.android:facebook-core:18.0.2] AndroidManifest.xml:33:13-72
220            android:exported="false" />
220-->[com.facebook.android:facebook-core:18.0.2] AndroidManifest.xml:34:13-37
221
222        <receiver
222-->[com.facebook.android:facebook-core:18.0.2] AndroidManifest.xml:36:9-42:20
223            android:name="com.facebook.CurrentAccessTokenExpirationBroadcastReceiver"
223-->[com.facebook.android:facebook-core:18.0.2] AndroidManifest.xml:37:13-86
224            android:exported="false" >
224-->[com.facebook.android:facebook-core:18.0.2] AndroidManifest.xml:38:13-37
225            <intent-filter>
225-->[com.facebook.android:facebook-core:18.0.2] AndroidManifest.xml:39:13-41:29
226                <action android:name="com.facebook.sdk.ACTION_CURRENT_ACCESS_TOKEN_CHANGED" />
226-->[com.facebook.android:facebook-core:18.0.2] AndroidManifest.xml:40:17-95
226-->[com.facebook.android:facebook-core:18.0.2] AndroidManifest.xml:40:25-92
227            </intent-filter>
228        </receiver>
229        <receiver
229-->[com.facebook.android:facebook-core:18.0.2] AndroidManifest.xml:43:9-49:20
230            android:name="com.facebook.AuthenticationTokenManager$CurrentAuthenticationTokenChangedBroadcastReceiver"
230-->[com.facebook.android:facebook-core:18.0.2] AndroidManifest.xml:44:13-118
231            android:exported="false" >
231-->[com.facebook.android:facebook-core:18.0.2] AndroidManifest.xml:45:13-37
232            <intent-filter>
232-->[com.facebook.android:facebook-core:18.0.2] AndroidManifest.xml:46:13-48:29
233                <action android:name="com.facebook.sdk.ACTION_CURRENT_AUTHENTICATION_TOKEN_CHANGED" />
233-->[com.facebook.android:facebook-core:18.0.2] AndroidManifest.xml:47:17-103
233-->[com.facebook.android:facebook-core:18.0.2] AndroidManifest.xml:47:25-100
234            </intent-filter>
235        </receiver>
236
237        <provider
237-->[com.google.firebase:firebase-common:21.0.0] AndroidManifest.xml:23:9-28:39
238            android:name="com.google.firebase.provider.FirebaseInitProvider"
238-->[com.google.firebase:firebase-common:21.0.0] AndroidManifest.xml:24:13-77
239            android:authorities="com.example.unmute_v1.firebaseinitprovider"
239-->[com.google.firebase:firebase-common:21.0.0] AndroidManifest.xml:25:13-72
240            android:directBootAware="true"
240-->[com.google.firebase:firebase-common:21.0.0] AndroidManifest.xml:26:13-43
241            android:exported="false"
241-->[com.google.firebase:firebase-common:21.0.0] AndroidManifest.xml:27:13-37
242            android:initOrder="100" />
242-->[com.google.firebase:firebase-common:21.0.0] AndroidManifest.xml:28:13-36
243
244        <service
244-->[androidx.credentials:credentials-play-services-auth:1.2.0-rc01] AndroidManifest.xml:24:9-32:19
245            android:name="androidx.credentials.playservices.CredentialProviderMetadataHolder"
245-->[androidx.credentials:credentials-play-services-auth:1.2.0-rc01] AndroidManifest.xml:25:13-94
246            android:enabled="true"
246-->[androidx.credentials:credentials-play-services-auth:1.2.0-rc01] AndroidManifest.xml:26:13-35
247            android:exported="false" >
247-->[androidx.credentials:credentials-play-services-auth:1.2.0-rc01] AndroidManifest.xml:27:13-37
248            <meta-data
248-->[androidx.credentials:credentials-play-services-auth:1.2.0-rc01] AndroidManifest.xml:29:13-31:104
249                android:name="androidx.credentials.CREDENTIAL_PROVIDER_KEY"
249-->[androidx.credentials:credentials-play-services-auth:1.2.0-rc01] AndroidManifest.xml:30:17-76
250                android:value="androidx.credentials.playservices.CredentialProviderPlayServicesImpl" />
250-->[androidx.credentials:credentials-play-services-auth:1.2.0-rc01] AndroidManifest.xml:31:17-101
251        </service>
252
253        <activity
253-->[androidx.credentials:credentials-play-services-auth:1.2.0-rc01] AndroidManifest.xml:34:9-41:20
254            android:name="androidx.credentials.playservices.HiddenActivity"
254-->[androidx.credentials:credentials-play-services-auth:1.2.0-rc01] AndroidManifest.xml:35:13-76
255            android:configChanges="orientation|screenSize|screenLayout|keyboardHidden"
255-->[androidx.credentials:credentials-play-services-auth:1.2.0-rc01] AndroidManifest.xml:36:13-87
256            android:enabled="true"
256-->[androidx.credentials:credentials-play-services-auth:1.2.0-rc01] AndroidManifest.xml:37:13-35
257            android:exported="false"
257-->[androidx.credentials:credentials-play-services-auth:1.2.0-rc01] AndroidManifest.xml:38:13-37
258            android:fitsSystemWindows="true"
258-->[androidx.credentials:credentials-play-services-auth:1.2.0-rc01] AndroidManifest.xml:39:13-45
259            android:theme="@style/Theme.Hidden" >
259-->[androidx.credentials:credentials-play-services-auth:1.2.0-rc01] AndroidManifest.xml:40:13-48
260        </activity>
261        <activity
261-->[com.google.android.gms:play-services-auth:21.0.0] AndroidManifest.xml:23:9-27:75
262            android:name="com.google.android.gms.auth.api.signin.internal.SignInHubActivity"
262-->[com.google.android.gms:play-services-auth:21.0.0] AndroidManifest.xml:24:13-93
263            android:excludeFromRecents="true"
263-->[com.google.android.gms:play-services-auth:21.0.0] AndroidManifest.xml:25:13-46
264            android:exported="false"
264-->[com.google.android.gms:play-services-auth:21.0.0] AndroidManifest.xml:26:13-37
265            android:theme="@android:style/Theme.Translucent.NoTitleBar" />
265-->[com.google.android.gms:play-services-auth:21.0.0] AndroidManifest.xml:27:13-72
266        <!--
267            Service handling Google Sign-In user revocation. For apps that do not integrate with
268            Google Sign-In, this service will never be started.
269        -->
270        <service
270-->[com.google.android.gms:play-services-auth:21.0.0] AndroidManifest.xml:33:9-37:51
271            android:name="com.google.android.gms.auth.api.signin.RevocationBoundService"
271-->[com.google.android.gms:play-services-auth:21.0.0] AndroidManifest.xml:34:13-89
272            android:exported="true"
272-->[com.google.android.gms:play-services-auth:21.0.0] AndroidManifest.xml:35:13-36
273            android:permission="com.google.android.gms.auth.api.signin.permission.REVOCATION_NOTIFICATION"
273-->[com.google.android.gms:play-services-auth:21.0.0] AndroidManifest.xml:36:13-107
274            android:visibleToInstantApps="true" />
274-->[com.google.android.gms:play-services-auth:21.0.0] AndroidManifest.xml:37:13-48
275
276        <receiver
276-->[com.google.android.gms:play-services-measurement:22.2.0] AndroidManifest.xml:29:9-33:20
277            android:name="com.google.android.gms.measurement.AppMeasurementReceiver"
277-->[com.google.android.gms:play-services-measurement:22.2.0] AndroidManifest.xml:30:13-85
278            android:enabled="true"
278-->[com.google.android.gms:play-services-measurement:22.2.0] AndroidManifest.xml:31:13-35
279            android:exported="false" >
279-->[com.google.android.gms:play-services-measurement:22.2.0] AndroidManifest.xml:32:13-37
280        </receiver>
281
282        <service
282-->[com.google.android.gms:play-services-measurement:22.2.0] AndroidManifest.xml:35:9-38:40
283            android:name="com.google.android.gms.measurement.AppMeasurementService"
283-->[com.google.android.gms:play-services-measurement:22.2.0] AndroidManifest.xml:36:13-84
284            android:enabled="true"
284-->[com.google.android.gms:play-services-measurement:22.2.0] AndroidManifest.xml:37:13-35
285            android:exported="false" />
285-->[com.google.android.gms:play-services-measurement:22.2.0] AndroidManifest.xml:38:13-37
286        <service
286-->[com.google.android.gms:play-services-measurement:22.2.0] AndroidManifest.xml:39:9-43:72
287            android:name="com.google.android.gms.measurement.AppMeasurementJobService"
287-->[com.google.android.gms:play-services-measurement:22.2.0] AndroidManifest.xml:40:13-87
288            android:enabled="true"
288-->[com.google.android.gms:play-services-measurement:22.2.0] AndroidManifest.xml:41:13-35
289            android:exported="false"
289-->[com.google.android.gms:play-services-measurement:22.2.0] AndroidManifest.xml:42:13-37
290            android:permission="android.permission.BIND_JOB_SERVICE" />
290-->[com.google.android.gms:play-services-measurement:22.2.0] AndroidManifest.xml:43:13-69
291
292        <uses-library
292-->[androidx.window:window:1.2.0] AndroidManifest.xml:23:9-25:40
293            android:name="androidx.window.extensions"
293-->[androidx.window:window:1.2.0] AndroidManifest.xml:24:13-54
294            android:required="false" />
294-->[androidx.window:window:1.2.0] AndroidManifest.xml:25:13-37
295        <uses-library
295-->[androidx.window:window:1.2.0] AndroidManifest.xml:26:9-28:40
296            android:name="androidx.window.sidecar"
296-->[androidx.window:window:1.2.0] AndroidManifest.xml:27:13-51
297            android:required="false" />
297-->[androidx.window:window:1.2.0] AndroidManifest.xml:28:13-37
298        <uses-library
298-->[androidx.privacysandbox.ads:ads-adservices:1.0.0-beta05] AndroidManifest.xml:23:9-25:40
299            android:name="android.ext.adservices"
299-->[androidx.privacysandbox.ads:ads-adservices:1.0.0-beta05] AndroidManifest.xml:24:13-50
300            android:required="false" />